<?xml version="1.0" encoding="UTF-8"?>
<!-- Generated by org.testng.reporters.JUnitReportReporter -->
<testsuite hostname="DESKTOP-4VBOKL6" failures="0" tests="3" name="com.reqres.tests.ApiTestCases" time="4.114" errors="0" timestamp="2025-02-12T20:41:13 EET" skipped="0">
  <testcase classname="com.reqres.tests.ApiTestCases" name="testUpdateUser" time="0.344"/>
  <testcase classname="com.reqres.tests.ApiTestCases" name="testCreateUser" time="3.527"/>
  <testcase classname="com.reqres.tests.ApiTestCases" name="testGetUserList" time="0.243"/>
</testsuite> <!-- com.reqres.tests.ApiTestCases -->
